<?xml version="1.0" encoding="UTF-8"?>
<testsuite name="com.floracare.app.domain.usecase.ComputeNextCareTaskUseCaseTest" tests="4" skipped="0" failures="0" errors="0" timestamp="2026-04-19T19:23:44" hostname="Lugat" time="0.404">
  <properties/>
  <testcase name="hot weather shortens interval by 20 percent" classname="com.floracare.app.domain.usecase.ComputeNextCareTaskUseCaseTest" time="0.391"/>
  <testcase name="damp soil streak extends by one day and interval stays clamped" classname="com.floracare.app.domain.usecase.ComputeNextCareTaskUseCaseTest" time="0.004"/>
  <testcase name="low humidity shortens interval by 15 percent" classname="com.floracare.app.domain.usecase.ComputeNextCareTaskUseCaseTest" time="0.002"/>
  <testcase name="heavy rain extends interval by 50 percent for outdoor plants" classname="com.floracare.app.domain.usecase.ComputeNextCareTaskUseCaseTest" time="0.001"/>
  <system-out><![CDATA[]]></system-out>
  <system-err><![CDATA[]]></system-err>
</testsuite>
